<?xml version="1.0" encoding="UTF-8"?>
<!-- Generated by org.testng.reporters.JUnitReportReporter -->
<testsuite hostname="LAPTOP-2D5BQ39G" failures="0" tests="5" name="com.inetbanking.testCases.LoginDDTest" time="44.533" errors="0" timestamp="25 Mar 2021 20:09:11 GMT" skipped="0">
  <testcase classname="com.inetbanking.testCases.LoginDDTest" name="loginDDT" time="9.226"/>
  <testcase classname="com.inetbanking.testCases.LoginDDTest" name="loginDDT" time="9.462"/>
  <testcase classname="com.inetbanking.testCases.LoginDDTest" name="loginDDT" time="8.580"/>
  <testcase classname="com.inetbanking.testCases.LoginDDTest" name="loginDDT" time="8.628"/>
  <testcase classname="com.inetbanking.testCases.LoginDDTest" name="loginDDT" time="8.637"/>
</testsuite> <!-- com.inetbanking.testCases.LoginDDTest -->
