<?xml version="1.0" encoding="UTF-8"?>
<!-- Generated by org.testng.reporters.JUnitReportReporter -->
<testsuite hostname="LAPTOP-2D5BQ39G" failures="0" tests="1" name="com.inetbanking.testCases.LoginTest" time="2.069" errors="0" timestamp="25 Mar 2021 20:09:11 GMT" skipped="0">
  <testcase classname="com.inetbanking.testCases.LoginTest" name="loginTest" time="2.069"/>
</testsuite> <!-- com.inetbanking.testCases.LoginTest -->
